2015-08-06 17:30:30,322 [1] INFO  coloredRichTextBoxAppender [(null)] - Terminals.Count:3
2015-08-06 17:30:30,476 [1] INFO  coloredRichTextBoxAppender [(null)] - load terminal infos  ... success
2015-08-06 17:30:34,533 [1] INFO  coloredRichTextBoxAppender [(null)] - ......
2015-08-06 17:30:35,026 [1] INFO  coloredRichTextBoxAppender [(null)] - 22160881 IsAuthenticated - TerminalInitializationFailed
2015-08-06 17:30:35,029 [1] INFO  coloredRichTextBoxAppender [(null)] - ......
2015-08-06 17:30:35,052 [1] INFO  coloredRichTextBoxAppender [(null)] - 22160324 IsAuthenticated - TerminalInitializationFailed
2015-08-06 17:30:35,053 [1] INFO  coloredRichTextBoxAppender [(null)] - ......
2015-08-06 17:30:35,064 [1] INFO  coloredRichTextBoxAppender [(null)] - 22160325 IsAuthenticated - TerminalInitializationFailed
2015-08-06 17:30:35,071 [1] INFO  coloredRichTextBoxAppender [(null)] - eposHttpServer start... success
2015-08-06 17:30:43,059 [11] INFO  coloredRichTextBoxAppender [(null)] - start transaction
2015-08-06 17:30:43,085 [11] INFO  coloredRichTextBoxAppender [(null)] - Transaction->173042.amount: 500
2015-08-06 17:30:43,092 [11] INFO  coloredRichTextBoxAppender [(null)] - RequestStatus: UnSent
2015-08-06 17:30:43,093 [11] INFO  coloredRichTextBoxAppender [(null)] - Transaction->173042.transactionResponse is NULL
2015-08-06 17:30:56,397 [7] INFO  coloredRichTextBoxAppender [(null)] - start transaction
2015-08-06 17:30:56,400 [7] INFO  coloredRichTextBoxAppender [(null)] - Transaction->173056.amount: 500
2015-08-06 17:30:56,402 [7] INFO  coloredRichTextBoxAppender [(null)] - RequestStatus: UnSent
2015-08-06 17:30:56,411 [7] INFO  coloredRichTextBoxAppender [(null)] - Transaction->173056.transactionResponse is NULL
2015-08-06 17:31:01,085 [1] INFO  coloredRichTextBoxAppender [(null)] - ......
2015-08-06 17:31:01,145 [1] INFO  coloredRichTextBoxAppender [(null)] - 22160881 IsAuthenticated - TerminalInitializationFailed
2015-08-06 17:31:01,147 [1] INFO  coloredRichTextBoxAppender [(null)] - ......
2015-08-06 17:31:01,158 [1] INFO  coloredRichTextBoxAppender [(null)] - 22160324 IsAuthenticated - TerminalInitializationFailed
2015-08-06 17:31:01,158 [1] INFO  coloredRichTextBoxAppender [(null)] - ......
2015-08-06 17:31:01,171 [1] INFO  coloredRichTextBoxAppender [(null)] - 22160325 IsAuthenticated - TerminalInitializationFailed
2015-08-06 17:31:01,172 [1] INFO  coloredRichTextBoxAppender [(null)] - eposHttpServer start... success
